Success (13):
content 7323 _a-0000e2cb-d2c4-8000-23f0-01ef9001ef90_44951 "PS Rules and Constants"
content 7324 _a-0000e2cb-d2c4-8000-23f0-01ef9001ef90_44956 "PS_CONS1"
content 7325 _a-0000e2cb-d2c4-8000-23f0-01ef9001ef90_44962 "PS_CONS_2"
content 7326 _a-0000e2cb-d2c4-8000-23f0-01ef9001ef90_44968 "PS_CONS_3"
content 7374 _a-0000e2cb-d2c4-8000-23f0-01ef9001ef90_45302 "PS_EMOPLOYEE"
content 7376 _a-0000e2cb-d2c4-8000-23f0-01ef9001ef90_45308 "PS_CUSOMER_1"
content 7414 _a-0000e2cb-d2c4-8000-23f0-01ef9001ef90_45468 "PS_GetEmployee"
content 7400 _a-0000e2cb-d2c4-8000-23f0-01ef9001ef90_45488 "PS_getCustomer"
content 7411 _a-0000e2cb-d2c4-8000-23f0-01ef9001ef90_45569 "PS_getUsername"
content 7421 _a-0000e2cb-d2c4-8000-23f0-01ef9001ef90_45632 "PS_uiSectionCapturePaymentDetails"
processModelFolder 10 _g-0000e2cb-d2c4-8000-23f0-014d98014d98_31 "PS PM folder"
processModel 685 0002e32c-345b-8000-23f0-014d98014d98 "PS_startForm"
application 7322 _a-0000e2cb-d2c4-8000-23f0-01ef9001ef90_44946 "Payment Screening"

Referenced precedents that were not exported (1):
user kiranj kiranj

Trace:
2019-09-04 07:48:47.491 DEBUG application 7322 _a-0000e2cb-d2c4-8000-23f0-01ef9001ef90_44946 Begin transport.
2019-09-04 07:48:47.491 DEBUG application 7322 _a-0000e2cb-d2c4-8000-23f0-01ef9001ef90_44946 Retrieving object data.
2019-09-04 07:48:47.497 DEBUG application 7322 _a-0000e2cb-d2c4-8000-23f0-01ef9001ef90_44946 App associated objects: [content=[_a-0000e2cb-d2c4-8000-23f0-01ef9001ef90_44951, _a-0000e2cb-d2c4-8000-23f0-01ef9001ef90_44956, _a-0000e2cb-d2c4-8000-23f0-01ef9001ef90_44962, _a-0000e2cb-d2c4-8000-23f0-01ef9001ef90_44968, _a-0000e2cb-d2c4-8000-23f0-01ef9001ef90_45302, _a-0000e2cb-d2c4-8000-23f0-01ef9001ef90_45308, _a-0000e2cb-d2c4-8000-23f0-01ef9001ef90_45468, _a-0000e2cb-d2c4-8000-23f0-01ef9001ef90_45488, _a-0000e2cb-d2c4-8000-23f0-01ef9001ef90_45569, _a-0000e2cb-d2c4-8000-23f0-01ef9001ef90_45632],processModelFolder=[_g-0000e2cb-d2c4-8000-23f0-014d98014d98_31],processModel=[0002e32c-345b-8000-23f0-014d98014d98],site=[ec1d17b8-3082-41c8-a258-d6781abefdc2]]
2019-09-04 07:48:47.507 DEBUG application 7322 _a-0000e2cb-d2c4-8000-23f0-01ef9001ef90_44946 Invalid associated objects: [site=[ec1d17b8-3082-41c8-a258-d6781abefdc2]]
2019-09-04 07:48:47.507 DEBUG application 7322 _a-0000e2cb-d2c4-8000-23f0-01ef9001ef90_44946 Adding valid associated objects to be exported: GlobalBindingMap[content={_a-0000e2cb-d2c4-8000-23f0-01ef9001ef90_44951=7323, _a-0000e2cb-d2c4-8000-23f0-01ef9001ef90_44956=7324, _a-0000e2cb-d2c4-8000-23f0-01ef9001ef90_44962=7325, _a-0000e2cb-d2c4-8000-23f0-01ef9001ef90_44968=7326, _a-0000e2cb-d2c4-8000-23f0-01ef9001ef90_45302=7374, _a-0000e2cb-d2c4-8000-23f0-01ef9001ef90_45308=7376, _a-0000e2cb-d2c4-8000-23f0-01ef9001ef90_45468=7414, _a-0000e2cb-d2c4-8000-23f0-01ef9001ef90_45488=7400, _a-0000e2cb-d2c4-8000-23f0-01ef9001ef90_45569=7411, _a-0000e2cb-d2c4-8000-23f0-01ef9001ef90_45632=7421},processModelFolder={_g-0000e2cb-d2c4-8000-23f0-014d98014d98_31=10},processModel={0002e32c-345b-8000-23f0-014d98014d98=685}]
2019-09-04 07:48:47.507 DEBUG application 7322 _a-0000e2cb-d2c4-8000-23f0-01ef9001ef90_44946 Setting uuids of object references.
2019-09-04 07:48:47.507 DEBUG application 7322 _a-0000e2cb-d2c4-8000-23f0-01ef9001ef90_44946 Processing reference: Application.forum
2019-09-04 07:48:47.508 DEBUG application 7322 _a-0000e2cb-d2c4-8000-23f0-01ef9001ef90_44946 Processing reference: Application.parent
2019-09-04 07:48:47.511 DEBUG application 7322 _a-0000e2cb-d2c4-8000-23f0-01ef9001ef90_44946 Processing reference: com.appiancorp.suiteapi.content.ContentRoleMap@434e30d2[
  ContentRole[name=readers,inherit=false,allowForAll=false]
  ContentRole[name=authors,inherit=false,allowForAll=false]
  ContentRole[name=administrators,inherit=false,allowForAll=false]
  ContentRole[name=denyReaders,inherit=false,allowForAll=false]
  ContentRole[name=denyAuthors,inherit=false,allowForAll=false]
  ContentRole[name=denyAdministrators,inherit=false,allowForAll=false]
  securityVector=1:SEC_PUBLIC=true,SEC_CREATOR_ADMIN=false,SEC_INH_ADMIN=false,SEC_INH_EDITOR=false,SEC_INH_VIEWER=false,SEC_ALL_ADMIN=false,SEC_ALL_EDITOR=false,SEC_ALL_VIEWER=false
]
2019-09-04 07:48:47.511 DEBUG application 7322 _a-0000e2cb-d2c4-8000-23f0-01ef9001ef90_44946 Processing reference: ContentRole[name=readers,inherit=false,allowForAll=false]
2019-09-04 07:48:47.511 DEBUG application 7322 _a-0000e2cb-d2c4-8000-23f0-01ef9001ef90_44946 Processing reference: ContentRole[name=authors,inherit=false,allowForAll=false]
2019-09-04 07:48:47.511 DEBUG application 7322 _a-0000e2cb-d2c4-8000-23f0-01ef9001ef90_44946 Processing reference: ContentRole[name=administrators,inherit=false,allowForAll=false]
2019-09-04 07:48:47.511 DEBUG application 7322 _a-0000e2cb-d2c4-8000-23f0-01ef9001ef90_44946 Processing reference: ContentRole[name=denyReaders,inherit=false,allowForAll=false]
2019-09-04 07:48:47.511 DEBUG application 7322 _a-0000e2cb-d2c4-8000-23f0-01ef9001ef90_44946 Processing reference: ContentRole[name=denyAuthors,inherit=false,allowForAll=false]
2019-09-04 07:48:47.511 DEBUG application 7322 _a-0000e2cb-d2c4-8000-23f0-01ef9001ef90_44946 Processing reference: ContentRole[name=denyAdministrators,inherit=false,allowForAll=false]
2019-09-04 07:48:47.514 DEBUG content 7323 _a-0000e2cb-d2c4-8000-23f0-01ef9001ef90_44951 Begin transport.
2019-09-04 07:48:47.514 DEBUG content 7323 _a-0000e2cb-d2c4-8000-23f0-01ef9001ef90_44951 Retrieving object data.
2019-09-04 07:48:47.524 DEBUG content 7323 _a-0000e2cb-d2c4-8000-23f0-01ef9001ef90_44951 Setting uuids of object references.
2019-09-04 07:48:47.524 DEBUG content 7323 _a-0000e2cb-d2c4-8000-23f0-01ef9001ef90_44951 Processing reference: RulesFolder.forum
2019-09-04 07:48:47.525 DEBUG content 7323 _a-0000e2cb-d2c4-8000-23f0-01ef9001ef90_44951 Processing reference: RulesFolder.parent
2019-09-04 07:48:47.528 DEBUG content 7323 _a-0000e2cb-d2c4-8000-23f0-01ef9001ef90_44951 Processing reference: com.appiancorp.suiteapi.content.ContentRoleMap@4b74b4a6[
  ContentRole[name=readers,inherit=false,allowForAll=false]
  ContentRole[name=authors,inherit=false,allowForAll=false]
  ContentRole[name=administrators,inherit=false,allowForAll=false]
  ContentRole[name=denyReaders,inherit=false,allowForAll=false]
  ContentRole[name=denyAuthors,inherit=false,allowForAll=false]
  ContentRole[name=denyAdministrators,inherit=false,allowForAll=false]
  securityVector=1:SEC_PUBLIC=true,SEC_CREATOR_ADMIN=false,SEC_INH_ADMIN=false,SEC_INH_EDITOR=false,SEC_INH_VIEWER=false,SEC_ALL_ADMIN=false,SEC_ALL_EDITOR=false,SEC_ALL_VIEWER=false
]
2019-09-04 07:48:47.528 DEBUG content 7323 _a-0000e2cb-d2c4-8000-23f0-01ef9001ef90_44951 Processing reference: ContentRole[name=readers,inherit=false,allowForAll=false]
2019-09-04 07:48:47.528 DEBUG content 7323 _a-0000e2cb-d2c4-8000-23f0-01ef9001ef90_44951 Processing reference: ContentRole[name=authors,inherit=false,allowForAll=false]
2019-09-04 07:48:47.528 DEBUG content 7323 _a-0000e2cb-d2c4-8000-23f0-01ef9001ef90_44951 Processing reference: ContentRole[name=administrators,inherit=false,allowForAll=false]
2019-09-04 07:48:47.528 DEBUG content 7323 _a-0000e2cb-d2c4-8000-23f0-01ef9001ef90_44951 Processing reference: ContentRole[name=denyReaders,inherit=false,allowForAll=false]
2019-09-04 07:48:47.528 DEBUG content 7323 _a-0000e2cb-d2c4-8000-23f0-01ef9001ef90_44951 Processing reference: ContentRole[name=denyAuthors,inherit=false,allowForAll=false]
2019-09-04 07:48:47.528 DEBUG content 7323 _a-0000e2cb-d2c4-8000-23f0-01ef9001ef90_44951 Processing reference: ContentRole[name=denyAdministrators,inherit=false,allowForAll=false]
2019-09-04 07:48:47.528 DEBUG content 7323 _a-0000e2cb-d2c4-8000-23f0-01ef9001ef90_44951 Completing produce.
2019-09-04 07:48:47.528 DEBUG content 7323 _a-0000e2cb-d2c4-8000-23f0-01ef9001ef90_44951 Exporting binary resources.
2019-09-04 07:48:47.528 DEBUG content 7323 _a-0000e2cb-d2c4-8000-23f0-01ef9001ef90_44951 Serializing object to XML.
2019-09-04 07:48:47.528 DEBUG content 7323 _a-0000e2cb-d2c4-8000-23f0-01ef9001ef90_44951 Object transported.
2019-09-04 07:48:47.528 DEBUG content 7324 _a-0000e2cb-d2c4-8000-23f0-01ef9001ef90_44956 Begin transport.
2019-09-04 07:48:47.528 DEBUG content 7324 _a-0000e2cb-d2c4-8000-23f0-01ef9001ef90_44956 Retrieving object data.
2019-09-04 07:48:47.537 DEBUG content 7324 _a-0000e2cb-d2c4-8000-23f0-01ef9001ef90_44956 Setting uuids of object references.
2019-09-04 07:48:47.537 DEBUG content 7324 _a-0000e2cb-d2c4-8000-23f0-01ef9001ef90_44956 Processing reference: [Content:id=7324,versionId=-1,name=PS_CONS1,type=32,subtype=0,uuid=_a-0000e2cb-d2c4-8000-23f0-01ef9001ef90_44956,parent=7323]
2019-09-04 07:48:47.538 DEBUG content 7324 _a-0000e2cb-d2c4-8000-23f0-01ef9001ef90_44956 Processing reference: Constant.forum
2019-09-04 07:48:47.538 DEBUG content 7324 _a-0000e2cb-d2c4-8000-23f0-01ef9001ef90_44956 Processing reference: Constant.parent
2019-09-04 07:48:47.541 DEBUG content 7324 _a-0000e2cb-d2c4-8000-23f0-01ef9001ef90_44956 Processing reference: com.appiancorp.suiteapi.content.ContentRoleMap@2d7dcba6[
  ContentRole[name=readers,inherit=true,allowForAll=false]
  ContentRole[name=authors,inherit=true,allowForAll=false]
  ContentRole[name=administrators,inherit=true,allowForAll=false]
  ContentRole[name=denyReaders,inherit=false,allowForAll=false]
  ContentRole[name=denyAuthors,inherit=false,allowForAll=false]
  ContentRole[name=denyAdministrators,inherit=false,allowForAll=false]
  securityVector=15:SEC_PUBLIC=true,SEC_CREATOR_ADMIN=false,SEC_INH_ADMIN=true,SEC_INH_EDITOR=true,SEC_INH_VIEWER=true,SEC_ALL_ADMIN=false,SEC_ALL_EDITOR=false,SEC_ALL_VIEWER=false
]
2019-09-04 07:48:47.541 DEBUG content 7324 _a-0000e2cb-d2c4-8000-23f0-01ef9001ef90_44956 Processing reference: ContentRole[name=readers,inherit=true,allowForAll=false]
2019-09-04 07:48:47.541 DEBUG content 7324 _a-0000e2cb-d2c4-8000-23f0-01ef9001ef90_44956 Processing reference: ContentRole[name=authors,inherit=true,allowForAll=false]
2019-09-04 07:48:47.541 DEBUG content 7324 _a-0000e2cb-d2c4-8000-23f0-01ef9001ef90_44956 Processing reference: ContentRole[name=administrators,inherit=true,allowForAll=false]
2019-09-04 07:48:47.541 DEBUG content 7324 _a-0000e2cb-d2c4-8000-23f0-01ef9001ef90_44956 Processing reference: ContentRole[name=denyReaders,inherit=false,allowForAll=false]
2019-09-04 07:48:47.541 DEBUG content 7324 _a-0000e2cb-d2c4-8000-23f0-01ef9001ef90_44956 Processing reference: ContentRole[name=denyAuthors,inherit=false,allowForAll=false]
2019-09-04 07:48:47.541 DEBUG content 7324 _a-0000e2cb-d2c4-8000-23f0-01ef9001ef90_44956 Processing reference: ContentRole[name=denyAdministrators,inherit=false,allowForAll=false]
2019-09-04 07:48:47.541 DEBUG content 7324 _a-0000e2cb-d2c4-8000-23f0-01ef9001ef90_44956 Completing produce.
2019-09-04 07:48:47.541 DEBUG content 7324 _a-0000e2cb-d2c4-8000-23f0-01ef9001ef90_44956 Exporting binary resources.
2019-09-04 07:48:47.541 DEBUG content 7324 _a-0000e2cb-d2c4-8000-23f0-01ef9001ef90_44956 Serializing object to XML.
2019-09-04 07:48:47.545 DEBUG content 7324 _a-0000e2cb-d2c4-8000-23f0-01ef9001ef90_44956 Object transported.
2019-09-04 07:48:47.545 DEBUG content 7325 _a-0000e2cb-d2c4-8000-23f0-01ef9001ef90_44962 Begin transport.
2019-09-04 07:48:47.545 DEBUG content 7325 _a-0000e2cb-d2c4-8000-23f0-01ef9001ef90_44962 Retrieving object data.
2019-09-04 07:48:47.553 DEBUG content 7325 _a-0000e2cb-d2c4-8000-23f0-01ef9001ef90_44962 Setting uuids of object references.
2019-09-04 07:48:47.553 DEBUG content 7325 _a-0000e2cb-d2c4-8000-23f0-01ef9001ef90_44962 Processing reference: [Content:id=7325,versionId=-1,name=PS_CONS_2,type=32,subtype=0,uuid=_a-0000e2cb-d2c4-8000-23f0-01ef9001ef90_44962,parent=7323]
2019-09-04 07:48:47.553 DEBUG content 7325 _a-0000e2cb-d2c4-8000-23f0-01ef9001ef90_44962 Processing reference: Constant.forum
2019-09-04 07:48:47.554 DEBUG content 7325 _a-0000e2cb-d2c4-8000-23f0-01ef9001ef90_44962 Processing reference: Constant.parent
2019-09-04 07:48:47.557 DEBUG content 7325 _a-0000e2cb-d2c4-8000-23f0-01ef9001ef90_44962 Processing reference: com.appiancorp.suiteapi.content.ContentRoleMap@5bdf7bb8[
  ContentRole[name=readers,inherit=true,allowForAll=false]
  ContentRole[name=authors,inherit=true,allowForAll=false]
  ContentRole[name=administrators,inherit=true,allowForAll=false]
  ContentRole[name=denyReaders,inherit=false,allowForAll=false]
  ContentRole[name=denyAuthors,inherit=false,allowForAll=false]
  ContentRole[name=denyAdministrators,inherit=false,allowForAll=false]
  securityVector=15:SEC_PUBLIC=true,SEC_CREATOR_ADMIN=false,SEC_INH_ADMIN=true,SEC_INH_EDITOR=true,SEC_INH_VIEWER=true,SEC_ALL_ADMIN=false,SEC_ALL_EDITOR=false,SEC_ALL_VIEWER=false
]
2019-09-04 07:48:47.557 DEBUG content 7325 _a-0000e2cb-d2c4-8000-23f0-01ef9001ef90_44962 Processing reference: ContentRole[name=readers,inherit=true,allowForAll=false]
2019-09-04 07:48:47.557 DEBUG content 7325 _a-0000e2cb-d2c4-8000-23f0-01ef9001ef90_44962 Processing reference: ContentRole[name=authors,inherit=true,allowForAll=false]
2019-09-04 07:48:47.557 DEBUG content 7325 _a-0000e2cb-d2c4-8000-23f0-01ef9001ef90_44962 Processing reference: ContentRole[name=administrators,inherit=true,allowForAll=false]
2019-09-04 07:48:47.557 DEBUG content 7325 _a-0000e2cb-d2c4-8000-23f0-01ef9001ef90_44962 Processing reference: ContentRole[name=denyReaders,inherit=false,allowForAll=false]
2019-09-04 07:48:47.557 DEBUG content 7325 _a-0000e2cb-d2c4-8000-23f0-01ef9001ef90_44962 Processing reference: ContentRole[name=denyAuthors,inherit=false,allowForAll=false]
2019-09-04 07:48:47.557 DEBUG content 7325 _a-0000e2cb-d2c4-8000-23f0-01ef9001ef90_44962 Processing reference: ContentRole[name=denyAdministrators,inherit=false,allowForAll=false]
2019-09-04 07:48:47.557 DEBUG content 7325 _a-0000e2cb-d2c4-8000-23f0-01ef9001ef90_44962 Completing produce.
2019-09-04 07:48:47.557 DEBUG content 7325 _a-0000e2cb-d2c4-8000-23f0-01ef9001ef90_44962 Exporting binary resources.
2019-09-04 07:48:47.557 DEBUG content 7325 _a-0000e2cb-d2c4-8000-23f0-01ef9001ef90_44962 Serializing object to XML.
2019-09-04 07:48:47.56 DEBUG content 7325 _a-0000e2cb-d2c4-8000-23f0-01ef9001ef90_44962 Object transported.
2019-09-04 07:48:47.56 DEBUG content 7326 _a-0000e2cb-d2c4-8000-23f0-01ef9001ef90_44968 Begin transport.
2019-09-04 07:48:47.56 DEBUG content 7326 _a-0000e2cb-d2c4-8000-23f0-01ef9001ef90_44968 Retrieving object data.
2019-09-04 07:48:47.568 DEBUG content 7326 _a-0000e2cb-d2c4-8000-23f0-01ef9001ef90_44968 Setting uuids of object references.
2019-09-04 07:48:47.568 DEBUG content 7326 _a-0000e2cb-d2c4-8000-23f0-01ef9001ef90_44968 Processing reference: [Content:id=7326,versionId=-1,name=PS_CONS_3,type=32,subtype=0,uuid=_a-0000e2cb-d2c4-8000-23f0-01ef9001ef90_44968,parent=7323]
2019-09-04 07:48:47.569 DEBUG content 7326 _a-0000e2cb-d2c4-8000-23f0-01ef9001ef90_44968 Processing reference: Constant.forum
2019-09-04 07:48:47.569 DEBUG content 7326 _a-0000e2cb-d2c4-8000-23f0-01ef9001ef90_44968 Processing reference: Constant.parent
2019-09-04 07:48:47.572 DEBUG content 7326 _a-0000e2cb-d2c4-8000-23f0-01ef9001ef90_44968 Processing reference: com.appiancorp.suiteapi.content.ContentRoleMap@1bceb237[
  ContentRole[name=readers,inherit=true,allowForAll=false]
  ContentRole[name=authors,inherit=true,allowForAll=false]
  ContentRole[name=administrators,inherit=true,allowForAll=false]
  ContentRole[name=denyReaders,inherit=false,allowForAll=false]
  ContentRole[name=denyAuthors,inherit=false,allowForAll=false]
  ContentRole[name=denyAdministrators,inherit=false,allowForAll=false]
  securityVector=15:SEC_PUBLIC=true,SEC_CREATOR_ADMIN=false,SEC_INH_ADMIN=true,SEC_INH_EDITOR=true,SEC_INH_VIEWER=true,SEC_ALL_ADMIN=false,SEC_ALL_EDITOR=false,SEC_ALL_VIEWER=false
]
2019-09-04 07:48:47.572 DEBUG content 7326 _a-0000e2cb-d2c4-8000-23f0-01ef9001ef90_44968 Processing reference: ContentRole[name=readers,inherit=true,allowForAll=false]
2019-09-04 07:48:47.572 DEBUG content 7326 _a-0000e2cb-d2c4-8000-23f0-01ef9001ef90_44968 Processing reference: ContentRole[name=authors,inherit=true,allowForAll=false]
2019-09-04 07:48:47.572 DEBUG content 7326 _a-0000e2cb-d2c4-8000-23f0-01ef9001ef90_44968 Processing reference: ContentRole[name=administrators,inherit=true,allowForAll=false]
2019-09-04 07:48:47.572 DEBUG content 7326 _a-0000e2cb-d2c4-8000-23f0-01ef9001ef90_44968 Processing reference: ContentRole[name=denyReaders,inherit=false,allowForAll=false]
2019-09-04 07:48:47.572 DEBUG content 7326 _a-0000e2cb-d2c4-8000-23f0-01ef9001ef90_44968 Processing reference: ContentRole[name=denyAuthors,inherit=false,allowForAll=false]
2019-09-04 07:48:47.572 DEBUG content 7326 _a-0000e2cb-d2c4-8000-23f0-01ef9001ef90_44968 Processing reference: ContentRole[name=denyAdministrators,inherit=false,allowForAll=false]
2019-09-04 07:48:47.572 DEBUG content 7326 _a-0000e2cb-d2c4-8000-23f0-01ef9001ef90_44968 Completing produce.
2019-09-04 07:48:47.572 DEBUG content 7326 _a-0000e2cb-d2c4-8000-23f0-01ef9001ef90_44968 Exporting binary resources.
2019-09-04 07:48:47.572 DEBUG content 7326 _a-0000e2cb-d2c4-8000-23f0-01ef9001ef90_44968 Serializing object to XML.
2019-09-04 07:48:47.575 DEBUG content 7326 _a-0000e2cb-d2c4-8000-23f0-01ef9001ef90_44968 Object transported.
2019-09-04 07:48:47.575 DEBUG content 7374 _a-0000e2cb-d2c4-8000-23f0-01ef9001ef90_45302 Begin transport.
2019-09-04 07:48:47.575 DEBUG content 7374 _a-0000e2cb-d2c4-8000-23f0-01ef9001ef90_45302 Retrieving object data.
2019-09-04 07:48:47.584 DEBUG content 7374 _a-0000e2cb-d2c4-8000-23f0-01ef9001ef90_45302 Setting uuids of object references.
2019-09-04 07:48:47.584 DEBUG content 7374 _a-0000e2cb-d2c4-8000-23f0-01ef9001ef90_45302 Processing reference: [Content:id=7374,versionId=-1,name=PS_EMOPLOYEE,type=32,subtype=0,uuid=_a-0000e2cb-d2c4-8000-23f0-01ef9001ef90_45302,parent=7323]
2019-09-04 07:48:47.584 DEBUG content 7374 _a-0000e2cb-d2c4-8000-23f0-01ef9001ef90_45302 Processing reference: Constant.forum
2019-09-04 07:48:47.585 DEBUG content 7374 _a-0000e2cb-d2c4-8000-23f0-01ef9001ef90_45302 Processing reference: Constant.parent
2019-09-04 07:48:47.588 DEBUG content 7374 _a-0000e2cb-d2c4-8000-23f0-01ef9001ef90_45302 Processing reference: com.appiancorp.suiteapi.content.ContentRoleMap@2ba7ca9f[
  ContentRole[name=readers,inherit=true,allowForAll=false]
  ContentRole[name=authors,inherit=true,allowForAll=false]
  ContentRole[name=administrators,inherit=true,allowForAll=false]
  ContentRole[name=denyReaders,inherit=false,allowForAll=false]
  ContentRole[name=denyAuthors,inherit=false,allowForAll=false]
  ContentRole[name=denyAdministrators,inherit=false,allowForAll=false]
  securityVector=15:SEC_PUBLIC=true,SEC_CREATOR_ADMIN=false,SEC_INH_ADMIN=true,SEC_INH_EDITOR=true,SEC_INH_VIEWER=true,SEC_ALL_ADMIN=false,SEC_ALL_EDITOR=false,SEC_ALL_VIEWER=false
]
2019-09-04 07:48:47.588 DEBUG content 7374 _a-0000e2cb-d2c4-8000-23f0-01ef9001ef90_45302 Processing reference: ContentRole[name=readers,inherit=true,allowForAll=false]
2019-09-04 07:48:47.588 DEBUG content 7374 _a-0000e2cb-d2c4-8000-23f0-01ef9001ef90_45302 Processing reference: ContentRole[name=authors,inherit=true,allowForAll=false]
2019-09-04 07:48:47.588 DEBUG content 7374 _a-0000e2cb-d2c4-8000-23f0-01ef9001ef90_45302 Processing reference: ContentRole[name=administrators,inherit=true,allowForAll=false]
2019-09-04 07:48:47.588 DEBUG content 7374 _a-0000e2cb-d2c4-8000-23f0-01ef9001ef90_45302 Processing reference: ContentRole[name=denyReaders,inherit=false,allowForAll=false]
2019-09-04 07:48:47.588 DEBUG content 7374 _a-0000e2cb-d2c4-8000-23f0-01ef9001ef90_45302 Processing reference: ContentRole[name=denyAuthors,inherit=false,allowForAll=false]
2019-09-04 07:48:47.588 DEBUG content 7374 _a-0000e2cb-d2c4-8000-23f0-01ef9001ef90_45302 Processing reference: ContentRole[name=denyAdministrators,inherit=false,allowForAll=false]
2019-09-04 07:48:47.588 DEBUG content 7374 _a-0000e2cb-d2c4-8000-23f0-01ef9001ef90_45302 Completing produce.
2019-09-04 07:48:47.588 DEBUG content 7374 _a-0000e2cb-d2c4-8000-23f0-01ef9001ef90_45302 Exporting binary resources.
2019-09-04 07:48:47.588 DEBUG content 7374 _a-0000e2cb-d2c4-8000-23f0-01ef9001ef90_45302 Serializing object to XML.
2019-09-04 07:48:47.592 DEBUG content 7374 _a-0000e2cb-d2c4-8000-23f0-01ef9001ef90_45302 Object transported.
2019-09-04 07:48:47.592 DEBUG content 7376 _a-0000e2cb-d2c4-8000-23f0-01ef9001ef90_45308 Begin transport.
2019-09-04 07:48:47.592 DEBUG content 7376 _a-0000e2cb-d2c4-8000-23f0-01ef9001ef90_45308 Retrieving object data.
2019-09-04 07:48:47.602 DEBUG content 7376 _a-0000e2cb-d2c4-8000-23f0-01ef9001ef90_45308 Setting uuids of object references.
2019-09-04 07:48:47.602 DEBUG content 7376 _a-0000e2cb-d2c4-8000-23f0-01ef9001ef90_45308 Processing reference: [Content:id=7375,versionId=-1,name=PS_CUSOMER_1,type=32,subtype=0,uuid=_a-0000e2cb-d2c4-8000-23f0-01ef9001ef90_45308,parent=7323]
2019-09-04 07:48:47.602 DEBUG content 7376 _a-0000e2cb-d2c4-8000-23f0-01ef9001ef90_45308 Processing reference: Constant.forum
2019-09-04 07:48:47.603 DEBUG content 7376 _a-0000e2cb-d2c4-8000-23f0-01ef9001ef90_45308 Processing reference: Constant.parent
2019-09-04 07:48:47.606 DEBUG content 7376 _a-0000e2cb-d2c4-8000-23f0-01ef9001ef90_45308 Processing reference: com.appiancorp.suiteapi.content.ContentRoleMap@6a30198b[
  ContentRole[name=readers,inherit=true,allowForAll=false]
  ContentRole[name=authors,inherit=true,allowForAll=false]
  ContentRole[name=administrators,inherit=true,allowForAll=false]
  ContentRole[name=denyReaders,inherit=false,allowForAll=false]
  ContentRole[name=denyAuthors,inherit=false,allowForAll=false]
  ContentRole[name=denyAdministrators,inherit=false,allowForAll=false]
  securityVector=15:SEC_PUBLIC=true,SEC_CREATOR_ADMIN=false,SEC_INH_ADMIN=true,SEC_INH_EDITOR=true,SEC_INH_VIEWER=true,SEC_ALL_ADMIN=false,SEC_ALL_EDITOR=false,SEC_ALL_VIEWER=false
]
2019-09-04 07:48:47.606 DEBUG content 7376 _a-0000e2cb-d2c4-8000-23f0-01ef9001ef90_45308 Processing reference: ContentRole[name=readers,inherit=true,allowForAll=false]
2019-09-04 07:48:47.606 DEBUG content 7376 _a-0000e2cb-d2c4-8000-23f0-01ef9001ef90_45308 Processing reference: ContentRole[name=authors,inherit=true,allowForAll=false]
2019-09-04 07:48:47.606 DEBUG content 7376 _a-0000e2cb-d2c4-8000-23f0-01ef9001ef90_45308 Processing reference: ContentRole[name=administrators,inherit=true,allowForAll=false]
2019-09-04 07:48:47.606 DEBUG content 7376 _a-0000e2cb-d2c4-8000-23f0-01ef9001ef90_45308 Processing reference: ContentRole[name=denyReaders,inherit=false,allowForAll=false]
2019-09-04 07:48:47.607 DEBUG content 7376 _a-0000e2cb-d2c4-8000-23f0-01ef9001ef90_45308 Processing reference: ContentRole[name=denyAuthors,inherit=false,allowForAll=false]
2019-09-04 07:48:47.607 DEBUG content 7376 _a-0000e2cb-d2c4-8000-23f0-01ef9001ef90_45308 Processing reference: ContentRole[name=denyAdministrators,inherit=false,allowForAll=false]
2019-09-04 07:48:47.607 DEBUG content 7376 _a-0000e2cb-d2c4-8000-23f0-01ef9001ef90_45308 Completing produce.
2019-09-04 07:48:47.607 DEBUG content 7376 _a-0000e2cb-d2c4-8000-23f0-01ef9001ef90_45308 Exporting binary resources.
2019-09-04 07:48:47.607 DEBUG content 7376 _a-0000e2cb-d2c4-8000-23f0-01ef9001ef90_45308 Serializing object to XML.
2019-09-04 07:48:47.61 DEBUG content 7376 _a-0000e2cb-d2c4-8000-23f0-01ef9001ef90_45308 Object transported.
2019-09-04 07:48:47.61 DEBUG content 7414 _a-0000e2cb-d2c4-8000-23f0-01ef9001ef90_45468 Begin transport.
2019-09-04 07:48:47.61 DEBUG content 7414 _a-0000e2cb-d2c4-8000-23f0-01ef9001ef90_45468 Retrieving object data.
2019-09-04 07:48:47.626 DEBUG content 7414 _a-0000e2cb-d2c4-8000-23f0-01ef9001ef90_45468 Setting uuids of object references.
2019-09-04 07:48:47.626 DEBUG content 7414 _a-0000e2cb-d2c4-8000-23f0-01ef9001ef90_45468 Processing reference: [Content:id=7396,versionId=-1,name=PS_GetEmployee,type=32,subtype=1,uuid=_a-0000e2cb-d2c4-8000-23f0-01ef9001ef90_45468,parent=7323]
2019-09-04 07:48:47.626 DEBUG content 7414 _a-0000e2cb-d2c4-8000-23f0-01ef9001ef90_45468 Processing reference: FreeformRule.forum
2019-09-04 07:48:47.626 DEBUG content 7414 _a-0000e2cb-d2c4-8000-23f0-01ef9001ef90_45468 Processing reference: TypedVariable[name=fName,it=3,v=]
2019-09-04 07:48:47.627 DEBUG content 7414 _a-0000e2cb-d2c4-8000-23f0-01ef9001ef90_45468 Processing reference: TypedVariable[name=lName,it=3,v=]
2019-09-04 07:48:47.627 DEBUG content 7414 _a-0000e2cb-d2c4-8000-23f0-01ef9001ef90_45468 Processing reference: FreeformRule.parent
2019-09-04 07:48:47.63 DEBUG content 7414 _a-0000e2cb-d2c4-8000-23f0-01ef9001ef90_45468 Processing reference: com.appiancorp.suiteapi.content.ContentRoleMap@435d97c1[
  ContentRole[name=readers,inherit=true,allowForAll=false]
  ContentRole[name=authors,inherit=true,allowForAll=false]
  ContentRole[name=administrators,inherit=true,allowForAll=false]
  ContentRole[name=denyReaders,inherit=false,allowForAll=false]
  ContentRole[name=denyAuthors,inherit=false,allowForAll=false]
  ContentRole[name=denyAdministrators,inherit=false,allowForAll=false]
  securityVector=15:SEC_PUBLIC=true,SEC_CREATOR_ADMIN=false,SEC_INH_ADMIN=true,SEC_INH_EDITOR=true,SEC_INH_VIEWER=true,SEC_ALL_ADMIN=false,SEC_ALL_EDITOR=false,SEC_ALL_VIEWER=false
]
2019-09-04 07:48:47.63 DEBUG content 7414 _a-0000e2cb-d2c4-8000-23f0-01ef9001ef90_45468 Processing reference: ContentRole[name=readers,inherit=true,allowForAll=false]
2019-09-04 07:48:47.63 DEBUG content 7414 _a-0000e2cb-d2c4-8000-23f0-01ef9001ef90_45468 Processing reference: ContentRole[name=authors,inherit=true,allowForAll=false]
2019-09-04 07:48:47.63 DEBUG content 7414 _a-0000e2cb-d2c4-8000-23f0-01ef9001ef90_45468 Processing reference: ContentRole[name=administrators,inherit=true,allowForAll=false]
2019-09-04 07:48:47.63 DEBUG content 7414 _a-0000e2cb-d2c4-8000-23f0-01ef9001ef90_45468 Processing reference: ContentRole[name=denyReaders,inherit=false,allowForAll=false]
2019-09-04 07:48:47.63 DEBUG content 7414 _a-0000e2cb-d2c4-8000-23f0-01ef9001ef90_45468 Processing reference: ContentRole[name=denyAuthors,inherit=false,allowForAll=false]
2019-09-04 07:48:47.63 DEBUG content 7414 _a-0000e2cb-d2c4-8000-23f0-01ef9001ef90_45468 Processing reference: ContentRole[name=denyAdministrators,inherit=false,allowForAll=false]
2019-09-04 07:48:47.631 DEBUG content 7414 _a-0000e2cb-d2c4-8000-23f0-01ef9001ef90_45468 Completing produce.
2019-09-04 07:48:47.631 DEBUG content 7414 _a-0000e2cb-d2c4-8000-23f0-01ef9001ef90_45468 Exporting binary resources.
2019-09-04 07:48:47.631 DEBUG content 7414 _a-0000e2cb-d2c4-8000-23f0-01ef9001ef90_45468 Serializing object to XML.
2019-09-04 07:48:47.639 DEBUG content 7414 _a-0000e2cb-d2c4-8000-23f0-01ef9001ef90_45468 Object transported.
2019-09-04 07:48:47.639 DEBUG content 7400 _a-0000e2cb-d2c4-8000-23f0-01ef9001ef90_45488 Begin transport.
2019-09-04 07:48:47.639 DEBUG content 7400 _a-0000e2cb-d2c4-8000-23f0-01ef9001ef90_45488 Retrieving object data.
2019-09-04 07:48:47.654 DEBUG content 7400 _a-0000e2cb-d2c4-8000-23f0-01ef9001ef90_45488 Setting uuids of object references.
2019-09-04 07:48:47.654 DEBUG content 7400 _a-0000e2cb-d2c4-8000-23f0-01ef9001ef90_45488 Processing reference: [Content:id=7399,versionId=-1,name=PS_getCustomer,type=32,subtype=1,uuid=_a-0000e2cb-d2c4-8000-23f0-01ef9001ef90_45488,parent=7323]
2019-09-04 07:48:47.654 DEBUG content 7400 _a-0000e2cb-d2c4-8000-23f0-01ef9001ef90_45488 Processing reference: FreeformRule.forum
2019-09-04 07:48:47.654 DEBUG content 7400 _a-0000e2cb-d2c4-8000-23f0-01ef9001ef90_45488 Processing reference: TypedVariable[name=name,it=3,v=]
2019-09-04 07:48:47.655 DEBUG content 7400 _a-0000e2cb-d2c4-8000-23f0-01ef9001ef90_45488 Processing reference: FreeformRule.parent
2019-09-04 07:48:47.658 DEBUG content 7400 _a-0000e2cb-d2c4-8000-23f0-01ef9001ef90_45488 Processing reference: com.appiancorp.suiteapi.content.ContentRoleMap@fc73098[
  ContentRole[name=readers,inherit=true,allowForAll=false]
  ContentRole[name=authors,inherit=true,allowForAll=false]
  ContentRole[name=administrators,inherit=true,allowForAll=false]
  ContentRole[name=denyReaders,inherit=false,allowForAll=false]
  ContentRole[name=denyAuthors,inherit=false,allowForAll=false]
  ContentRole[name=denyAdministrators,inherit=false,allowForAll=false]
  securityVector=15:SEC_PUBLIC=true,SEC_CREATOR_ADMIN=false,SEC_INH_ADMIN=true,SEC_INH_EDITOR=true,SEC_INH_VIEWER=true,SEC_ALL_ADMIN=false,SEC_ALL_EDITOR=false,SEC_ALL_VIEWER=false
]
2019-09-04 07:48:47.658 DEBUG content 7400 _a-0000e2cb-d2c4-8000-23f0-01ef9001ef90_45488 Processing reference: ContentRole[name=readers,inherit=true,allowForAll=false]
2019-09-04 07:48:47.658 DEBUG content 7400 _a-0000e2cb-d2c4-8000-23f0-01ef9001ef90_45488 Processing reference: ContentRole[name=authors,inherit=true,allowForAll=false]
2019-09-04 07:48:47.658 DEBUG content 7400 _a-0000e2cb-d2c4-8000-23f0-01ef9001ef90_45488 Processing reference: ContentRole[name=administrators,inherit=true,allowForAll=false]
2019-09-04 07:48:47.658 DEBUG content 7400 _a-0000e2cb-d2c4-8000-23f0-01ef9001ef90_45488 Processing reference: ContentRole[name=denyReaders,inherit=false,allowForAll=false]
2019-09-04 07:48:47.658 DEBUG content 7400 _a-0000e2cb-d2c4-8000-23f0-01ef9001ef90_45488 Processing reference: ContentRole[name=denyAuthors,inherit=false,allowForAll=false]
2019-09-04 07:48:47.658 DEBUG content 7400 _a-0000e2cb-d2c4-8000-23f0-01ef9001ef90_45488 Processing reference: ContentRole[name=denyAdministrators,inherit=false,allowForAll=false]
2019-09-04 07:48:47.658 DEBUG content 7400 _a-0000e2cb-d2c4-8000-23f0-01ef9001ef90_45488 Completing produce.
2019-09-04 07:48:47.658 DEBUG content 7400 _a-0000e2cb-d2c4-8000-23f0-01ef9001ef90_45488 Exporting binary resources.
2019-09-04 07:48:47.658 DEBUG content 7400 _a-0000e2cb-d2c4-8000-23f0-01ef9001ef90_45488 Serializing object to XML.
2019-09-04 07:48:47.664 DEBUG content 7400 _a-0000e2cb-d2c4-8000-23f0-01ef9001ef90_45488 Object transported.
2019-09-04 07:48:47.664 DEBUG content 7411 _a-0000e2cb-d2c4-8000-23f0-01ef9001ef90_45569 Begin transport.
2019-09-04 07:48:47.664 DEBUG content 7411 _a-0000e2cb-d2c4-8000-23f0-01ef9001ef90_45569 Retrieving object data.
2019-09-04 07:48:47.678 DEBUG content 7411 _a-0000e2cb-d2c4-8000-23f0-01ef9001ef90_45569 Setting uuids of object references.
2019-09-04 07:48:47.678 DEBUG content 7411 _a-0000e2cb-d2c4-8000-23f0-01ef9001ef90_45569 Processing reference: [Content:id=7411,versionId=-1,name=PS_getUsername,type=32,subtype=1,uuid=_a-0000e2cb-d2c4-8000-23f0-01ef9001ef90_45569,parent=7323]
2019-09-04 07:48:47.679 DEBUG content 7411 _a-0000e2cb-d2c4-8000-23f0-01ef9001ef90_45569 Processing reference: FreeformRule.forum
2019-09-04 07:48:47.679 DEBUG content 7411 _a-0000e2cb-d2c4-8000-23f0-01ef9001ef90_45569 Processing reference: FreeformRule.parent
2019-09-04 07:48:47.682 DEBUG content 7411 _a-0000e2cb-d2c4-8000-23f0-01ef9001ef90_45569 Processing reference: com.appiancorp.suiteapi.content.ContentRoleMap@18cecf0b[
  ContentRole[name=readers,inherit=true,allowForAll=false]
  ContentRole[name=authors,inherit=true,allowForAll=false]
  ContentRole[name=administrators,usernames=[kiranj],inherit=true,allowForAll=false]
  ContentRole[name=denyReaders,inherit=false,allowForAll=false]
  ContentRole[name=denyAuthors,inherit=false,allowForAll=false]
  ContentRole[name=denyAdministrators,inherit=false,allowForAll=false]
  securityVector=143:SEC_PUBLIC=true,SEC_CREATOR_ADMIN=true,SEC_INH_ADMIN=true,SEC_INH_EDITOR=true,SEC_INH_VIEWER=true,SEC_ALL_ADMIN=false,SEC_ALL_EDITOR=false,SEC_ALL_VIEWER=false
]
2019-09-04 07:48:47.682 DEBUG content 7411 _a-0000e2cb-d2c4-8000-23f0-01ef9001ef90_45569 Processing reference: ContentRole[name=readers,inherit=true,allowForAll=false]
2019-09-04 07:48:47.682 DEBUG content 7411 _a-0000e2cb-d2c4-8000-23f0-01ef9001ef90_45569 Processing reference: ContentRole[name=authors,inherit=true,allowForAll=false]
2019-09-04 07:48:47.682 DEBUG content 7411 _a-0000e2cb-d2c4-8000-23f0-01ef9001ef90_45569 Processing reference: ContentRole[name=administrators,usernames=[kiranj],inherit=true,allowForAll=false]
2019-09-04 07:48:47.684 DEBUG content 7411 _a-0000e2cb-d2c4-8000-23f0-01ef9001ef90_45569 Processing reference: ContentRole[name=denyReaders,inherit=false,allowForAll=false]
2019-09-04 07:48:47.684 DEBUG content 7411 _a-0000e2cb-d2c4-8000-23f0-01ef9001ef90_45569 Processing reference: ContentRole[name=denyAuthors,inherit=false,allowForAll=false]
2019-09-04 07:48:47.684 DEBUG content 7411 _a-0000e2cb-d2c4-8000-23f0-01ef9001ef90_45569 Processing reference: ContentRole[name=denyAdministrators,inherit=false,allowForAll=false]
2019-09-04 07:48:47.685 DEBUG content 7411 _a-0000e2cb-d2c4-8000-23f0-01ef9001ef90_45569 Completing produce.
2019-09-04 07:48:47.685 DEBUG content 7411 _a-0000e2cb-d2c4-8000-23f0-01ef9001ef90_45569 Exporting binary resources.
2019-09-04 07:48:47.685 DEBUG content 7411 _a-0000e2cb-d2c4-8000-23f0-01ef9001ef90_45569 Serializing object to XML.
2019-09-04 07:48:47.689 DEBUG content 7411 _a-0000e2cb-d2c4-8000-23f0-01ef9001ef90_45569 Object transported.
2019-09-04 07:48:47.689 DEBUG content 7421 _a-0000e2cb-d2c4-8000-23f0-01ef9001ef90_45632 Begin transport.
2019-09-04 07:48:47.689 DEBUG content 7421 _a-0000e2cb-d2c4-8000-23f0-01ef9001ef90_45632 Retrieving object data.
2019-09-04 07:48:47.699 DEBUG content 7421 _a-0000e2cb-d2c4-8000-23f0-01ef9001ef90_45632 Setting uuids of object references.
2019-09-04 07:48:47.699 DEBUG content 7421 _a-0000e2cb-d2c4-8000-23f0-01ef9001ef90_45632 Processing reference: [Content:id=7420,versionId=-1,name=PS_uiSectionCapturePaymentDetails,type=32,subtype=6,uuid=_a-0000e2cb-d2c4-8000-23f0-01ef9001ef90_45632,parent=7323]
2019-09-04 07:48:47.7 DEBUG content 7421 _a-0000e2cb-d2c4-8000-23f0-01ef9001ef90_45632 Processing reference: Interface.forum
2019-09-04 07:48:47.7 DEBUG content 7421 _a-0000e2cb-d2c4-8000-23f0-01ef9001ef90_45632 Processing reference: TypedVariable[name=fname,it=3,v=]
2019-09-04 07:48:47.7 DEBUG content 7421 _a-0000e2cb-d2c4-8000-23f0-01ef9001ef90_45632 Processing reference: TypedVariable[name=lname,it=3,v=]
2019-09-04 07:48:47.7 DEBUG content 7421 _a-0000e2cb-d2c4-8000-23f0-01ef9001ef90_45632 Processing reference: TypedVariable[name=date,it=3,v=]
2019-09-04 07:48:47.7 DEBUG content 7421 _a-0000e2cb-d2c4-8000-23f0-01ef9001ef90_45632 Processing reference: TypedVariable[name=comments,it=3,v=]
2019-09-04 07:48:47.701 DEBUG content 7421 _a-0000e2cb-d2c4-8000-23f0-01ef9001ef90_45632 Processing reference: TypedVariable[name=btnAction,it=3,v=]
2019-09-04 07:48:47.701 DEBUG content 7421 _a-0000e2cb-d2c4-8000-23f0-01ef9001ef90_45632 Processing reference: Interface.parent
2019-09-04 07:48:47.704 DEBUG content 7421 _a-0000e2cb-d2c4-8000-23f0-01ef9001ef90_45632 Processing reference: com.appiancorp.suiteapi.content.ContentRoleMap@47aed40[
  ContentRole[name=readers,inherit=true,allowForAll=false]
  ContentRole[name=authors,inherit=true,allowForAll=false]
  ContentRole[name=administrators,inherit=true,allowForAll=false]
  ContentRole[name=denyReaders,inherit=false,allowForAll=false]
  ContentRole[name=denyAuthors,inherit=false,allowForAll=false]
  ContentRole[name=denyAdministrators,inherit=false,allowForAll=false]
  securityVector=15:SEC_PUBLIC=true,SEC_CREATOR_ADMIN=false,SEC_INH_ADMIN=true,SEC_INH_EDITOR=true,SEC_INH_VIEWER=true,SEC_ALL_ADMIN=false,SEC_ALL_EDITOR=false,SEC_ALL_VIEWER=false
]
2019-09-04 07:48:47.704 DEBUG content 7421 _a-0000e2cb-d2c4-8000-23f0-01ef9001ef90_45632 Processing reference: ContentRole[name=readers,inherit=true,allowForAll=false]
2019-09-04 07:48:47.704 DEBUG content 7421 _a-0000e2cb-d2c4-8000-23f0-01ef9001ef90_45632 Processing reference: ContentRole[name=authors,inherit=true,allowForAll=false]
2019-09-04 07:48:47.704 DEBUG content 7421 _a-0000e2cb-d2c4-8000-23f0-01ef9001ef90_45632 Processing reference: ContentRole[name=administrators,inherit=true,allowForAll=false]
2019-09-04 07:48:47.704 DEBUG content 7421 _a-0000e2cb-d2c4-8000-23f0-01ef9001ef90_45632 Processing reference: ContentRole[name=denyReaders,inherit=false,allowForAll=false]
2019-09-04 07:48:47.704 DEBUG content 7421 _a-0000e2cb-d2c4-8000-23f0-01ef9001ef90_45632 Processing reference: ContentRole[name=denyAuthors,inherit=false,allowForAll=false]
2019-09-04 07:48:47.704 DEBUG content 7421 _a-0000e2cb-d2c4-8000-23f0-01ef9001ef90_45632 Processing reference: ContentRole[name=denyAdministrators,inherit=false,allowForAll=false]
2019-09-04 07:48:47.704 DEBUG content 7421 _a-0000e2cb-d2c4-8000-23f0-01ef9001ef90_45632 Completing produce.
2019-09-04 07:48:47.704 DEBUG content 7421 _a-0000e2cb-d2c4-8000-23f0-01ef9001ef90_45632 Exporting binary resources.
2019-09-04 07:48:47.704 DEBUG content 7421 _a-0000e2cb-d2c4-8000-23f0-01ef9001ef90_45632 Serializing object to XML.
2019-09-04 07:48:47.713 DEBUG content 7421 _a-0000e2cb-d2c4-8000-23f0-01ef9001ef90_45632 Object transported.
2019-09-04 07:48:47.714 DEBUG processModelFolder 10 _g-0000e2cb-d2c4-8000-23f0-014d98014d98_31 Begin transport.
2019-09-04 07:48:47.714 DEBUG processModelFolder 10 _g-0000e2cb-d2c4-8000-23f0-014d98014d98_31 Retrieving object data.
2019-09-04 07:48:47.718 DEBUG processModelFolder 10 _g-0000e2cb-d2c4-8000-23f0-014d98014d98_31 Setting uuids of object references.
2019-09-04 07:48:47.718 DEBUG processModelFolder 10 _g-0000e2cb-d2c4-8000-23f0-014d98014d98_31 Processing reference: ProcessModelFolder.parentFolderId
2019-09-04 07:48:47.718 DEBUG processModelFolder 10 _g-0000e2cb-d2c4-8000-23f0-014d98014d98_31 Processing reference: com.appiancorp.suiteapi.process.ProcessRoleMap@39c7c79e[
  Role[name=ADMIN_OWNER]
  Role[name=EDITOR]
  Role[name=EXPLICIT_NONMEMBER]
  Role[name=VIEWER]
  Role[name=MANAGER]
  Role[name=INITIATOR]
]
2019-09-04 07:48:47.718 DEBUG processModelFolder 10 _g-0000e2cb-d2c4-8000-23f0-014d98014d98_31 Processing reference: Role[name=ADMIN_OWNER]
2019-09-04 07:48:47.719 DEBUG processModelFolder 10 _g-0000e2cb-d2c4-8000-23f0-014d98014d98_31 Processing reference: Role[name=EDITOR]
2019-09-04 07:48:47.719 DEBUG processModelFolder 10 _g-0000e2cb-d2c4-8000-23f0-014d98014d98_31 Processing reference: Role[name=EXPLICIT_NONMEMBER]
2019-09-04 07:48:47.719 DEBUG processModelFolder 10 _g-0000e2cb-d2c4-8000-23f0-014d98014d98_31 Processing reference: Role[name=VIEWER]
2019-09-04 07:48:47.719 DEBUG processModelFolder 10 _g-0000e2cb-d2c4-8000-23f0-014d98014d98_31 Processing reference: Role[name=MANAGER]
2019-09-04 07:48:47.719 DEBUG processModelFolder 10 _g-0000e2cb-d2c4-8000-23f0-014d98014d98_31 Processing reference: Role[name=INITIATOR]
2019-09-04 07:48:47.719 DEBUG processModelFolder 10 _g-0000e2cb-d2c4-8000-23f0-014d98014d98_31 Completing produce.
2019-09-04 07:48:47.719 DEBUG processModelFolder 10 _g-0000e2cb-d2c4-8000-23f0-014d98014d98_31 Exporting binary resources.
2019-09-04 07:48:47.719 DEBUG processModelFolder 10 _g-0000e2cb-d2c4-8000-23f0-014d98014d98_31 Serializing object to XML.
2019-09-04 07:48:47.719 DEBUG processModelFolder 10 _g-0000e2cb-d2c4-8000-23f0-014d98014d98_31 Object transported.
2019-09-04 07:48:47.72 DEBUG processModel 685 0002e32c-345b-8000-23f0-014d98014d98 Begin transport.
2019-09-04 07:48:47.72 DEBUG processModel 685 0002e32c-345b-8000-23f0-014d98014d98 Retrieving object data.
2019-09-04 07:48:47.755 DEBUG processModel 685 0002e32c-345b-8000-23f0-014d98014d98 Setting uuids of object references.
2019-09-04 07:48:47.755 DEBUG processModel 685 0002e32c-345b-8000-23f0-014d98014d98 Processing reference: ProcessModelHaul.folderId
2019-09-04 07:48:47.756 DEBUG processModel 685 0002e32c-345b-8000-23f0-014d98014d98 Processing reference: ProcessModelHaul.modelDashboardPageId
2019-09-04 07:48:47.756 DEBUG processModel 685 0002e32c-345b-8000-23f0-014d98014d98 Processing reference: ProcessModelHaul.processDashboardPageId
2019-09-04 07:48:47.756 DEBUG processModel 685 0002e32c-345b-8000-23f0-014d98014d98 Processing reference: ProcessModel.emailAttachmentFolderId
2019-09-04 07:48:47.757 DEBUG processModel 685 0002e32c-345b-8000-23f0-014d98014d98 Processing reference: InternalForm.docId
2019-09-04 07:48:47.757 DEBUG processModel 685 0002e32c-345b-8000-23f0-014d98014d98 Processing reference: ActivityClassParameter[name=pmID,it=23,v=<null>]
2019-09-04 07:48:47.757 DEBUG processModel 685 0002e32c-345b-8000-23f0-014d98014d98 Processing reference: ActivityClassParameter[name=inMap,it=111,v={}]
2019-09-04 07:48:47.758 DEBUG processModel 685 0002e32c-345b-8000-23f0-014d98014d98 Processing reference: ActivityClassParameter[name=procInheritsPriority,it=1,v=1]
2019-09-04 07:48:47.758 DEBUG processModel 685 0002e32c-345b-8000-23f0-014d98014d98 Processing reference: ActivityClassParameter[name=pmUUID,it=3,v=]
2019-09-04 07:48:47.758 DEBUG processModel 685 0002e32c-345b-8000-23f0-014d98014d98 Processing reference: ActivityClassParameter[name=isAsynchronous,it=26,v=1]
2019-09-04 07:48:47.758 DEBUG processModel 685 0002e32c-345b-8000-23f0-014d98014d98 Processing reference: ActivityClassParameter[name=isTransparent,it=26,v=1]
2019-09-04 07:48:47.758 DEBUG processModel 685 0002e32c-345b-8000-23f0-014d98014d98 Processing reference: ActivityClassParameter[name=inheritSecurity,it=26,v=0]
2019-09-04 07:48:47.758 DEBUG processModel 685 0002e32c-345b-8000-23f0-014d98014d98 Processing reference: ProcessVariable[name=btnAction,it=3,v=]
2019-09-04 07:48:47.758 DEBUG processModel 685 0002e32c-345b-8000-23f0-014d98014d98 Processing reference: ProcessVariable[name=comments,it=3,v=]
2019-09-04 07:48:47.758 DEBUG processModel 685 0002e32c-345b-8000-23f0-014d98014d98 Processing reference: ProcessVariable[name=date,it=3,v=]
2019-09-04 07:48:47.758 DEBUG processModel 685 0002e32c-345b-8000-23f0-014d98014d98 Processing reference: ProcessVariable[name=fname,it=3,v=]
2019-09-04 07:48:47.758 DEBUG processModel 685 0002e32c-345b-8000-23f0-014d98014d98 Processing reference: ProcessVariable[name=lname,it=3,v=]
2019-09-04 07:48:47.758 DEBUG processModel 685 0002e32c-345b-8000-23f0-014d98014d98 Processing reference: com.appiancorp.suiteapi.process.ProcessRoleMap@254dfb68[
  Role[name=ADMIN_OWNER]
  Role[name=EDITOR]
  Role[name=EXPLICIT_NONMEMBER]
  Role[name=VIEWER]
  Role[name=MANAGER]
  Role[name=INITIATOR]
]
2019-09-04 07:48:47.758 DEBUG processModel 685 0002e32c-345b-8000-23f0-014d98014d98 Processing reference: Role[name=ADMIN_OWNER]
2019-09-04 07:48:47.759 DEBUG processModel 685 0002e32c-345b-8000-23f0-014d98014d98 Processing reference: Role[name=EDITOR]
2019-09-04 07:48:47.759 DEBUG processModel 685 0002e32c-345b-8000-23f0-014d98014d98 Processing reference: Role[name=EXPLICIT_NONMEMBER]
2019-09-04 07:48:47.759 DEBUG processModel 685 0002e32c-345b-8000-23f0-014d98014d98 Processing reference: Role[name=VIEWER]
2019-09-04 07:48:47.759 DEBUG processModel 685 0002e32c-345b-8000-23f0-014d98014d98 Processing reference: Role[name=MANAGER]
2019-09-04 07:48:47.759 DEBUG processModel 685 0002e32c-345b-8000-23f0-014d98014d98 Processing reference: Role[name=INITIATOR]
2019-09-04 07:48:47.762 DEBUG processModel 685 0002e32c-345b-8000-23f0-014d98014d98 Completing produce.
2019-09-04 07:48:47.762 DEBUG processModel 685 0002e32c-345b-8000-23f0-014d98014d98 Exporting binary resources.
2019-09-04 07:48:47.762 DEBUG processModel 685 0002e32c-345b-8000-23f0-014d98014d98 Serializing object to XML.
2019-09-04 07:48:47.768 DEBUG processModel 685 0002e32c-345b-8000-23f0-014d98014d98 Object transported.
2019-09-04 07:48:47.768 DEBUG application 7322 _a-0000e2cb-d2c4-8000-23f0-01ef9001ef90_44946 Completing produce.
2019-09-04 07:48:47.768 DEBUG application 7322 _a-0000e2cb-d2c4-8000-23f0-01ef9001ef90_44946 Exporting binary resources.
2019-09-04 07:48:47.768 DEBUG application 7322 _a-0000e2cb-d2c4-8000-23f0-01ef9001ef90_44946 Serializing object to XML.
2019-09-04 07:48:47.771 DEBUG application 7322 _a-0000e2cb-d2c4-8000-23f0-01ef9001ef90_44946 Object transported.
